@cluster_2:UMI_ATTCCG
TTCCGGGGCACATAATCTTCAGCCGGGCGC
+
C;=;=<9@4868>9:67AA<9>65<=>591
@cluster_12:UMI_GGTCAA
GCAGTTTAAGATCATTTTATTGAAGAGCAAG
+
?7?AEEC@>=1?A?EEEB9ECB?==:B.A?A
@cluster_36:UMI_AACAGA
CCCCCCCCCAAATCGGAAAAACACACCCCC
+
?:5;<02:@977=:<0=9>@5>7>;>*3,-
@cluster_37:UMI_GAGGAG
GTCTTTGTACAAAATTTTATTAAAGGTCTTT
+
?B?DEC@A=?ADDAEEEC?EC@D6A@@>DE4
@cluster_58:UMI_GTTTTG
AAAGCAATCCACAGAAGGGCATTTCTACCGA
+
@D?B:AA??=;>?=@?A=@:@EEB?A=@<@<
@cluster_63:UMI_TTTCCC
GCAACCATACTCCCCCCGGAACCCAAAGACT
+
@:A@@A@C<?D?;;98<=>=@;<AAD?==?D
@cluster_66:UMI_TTGGGG
CAACTAACTTTTATTTTAAGTTCAGGGGGT
+
AA@?A@@?DEEC?EEEC@?AEBA?A===@9
@cluster_70:UMI_CCGGGA
CTTTTTCTTCTAAAATTTTTTCTTCTCTGGC
+
?DEEEB?DB?A@DD?EEEEEB?DB?D9CB/.
@cluster_71:UMI_CCAATA
AGCTTTGCAACCATACTCCCCCCGGAACCC
+
?B?DEB::9>@?@C=?:=<<<:===@?=83
@cluster_87:UMI_TGACAC
GTTGAGCACAGGGTACTTTATTGATGGTAC
+
@E@B=B::;;A=?A=9DEB9ECB8?B@@97
@cluster_88:UMI_TGCCGA
CACTACCTCCCCGGGTCGGGAGTGGGGTAT
+
@=>@=@<D;;;<==@B9==>,75<:593=7
@cluster_90:UMI_ACGGGG
TTTTTTTGTGAAGGAGTCTTTCCCCCCAGAC
+
CEEEEDB96203:8+01.3353/897?.+,0
@cluster_99:UMI_CAACAA
TTGTTTTTTTTTTTTCCACCCCCACATGGA
+
DB1BD:5?9BB:=63<5+56721--/11;3
@cluster_105:UMI_TCGCGC
GATTGAGACAGAGTCTGCTGTGTTGCCCCCC
+
?<E=====>?==A@?C:?C@A=EC7>;;<<7
@cluster_107:UMI_TCCATG
TCGGAAGAGCACACGTCTGAACTCCAGTCA
+
?;=>?<=9;59:6<@?>C<99=D79<?354
@cluster_113:UMI_ACAATA
GCTTCAGCTGCCCAGATCGGAAGAACACACG
+
B?DBA?B?C:><A?=<?==>@?3@/><?=?5
@cluster_114:UMI_TTTATG
TCTTTTTTTCTTTTCTTTTTTTTTTTTTTTA
+
B?DEEEEEB?DEEB?DEEEEEEEEEEEEE<.
@cluster_126:UMI_CATGAA
CCCCCCCAGATCGGAAAAGCACACGCCTGAA
+
?.:8<;??=6?==>?:6><0;165B35;66:
@cluster_130:UMI_GTAGGG
GTAGAGATAGGGTCTTGCTATGTAGCCCAG
+
@:<=8=;B69;@9<9=:?87@:B:8.293;
@cluster_131:UMI_AGTGTA
TGAGCACAGGGTACTTTATTGATGGTACAT
+
AB=B::>4:<@57=654187B;B:=4;9?9
@cluster_144:UMI_CAGGGC
CACCCCCCCCAAATCGGAAAAACACACCCC
+
A=@<<<<<;AACA=49>@DDD?53==@;85
@cluster_148:UMI_GCCTGG
ATACCCCCCCCAGATCGGAAAAACACACGC
+
@C=@47;;9<A?,<?==>?C;D3><:=?32
@cluster_152:UMI_TCGAAA
GCTGTCTAGTCATCCTCGTCGGTCTTCTGCT
+
B?C@B?A=ABA@??>D=@B==@B?DB?C:?D
@cluster_153:UMI_TACAAA
TTTTTTTTACACTTTATAACACACTTTTTAT
+
EEEEEEE3995.6E848@?>=;=3:EEE3/9
@cluster_162:UMI_AACGGG
CACAACATTCCATTTATACACAGAACTAAA
+
A=?A@?@EB?A@EEC?C=?=??=@@?A@D4
@cluster_164:UMI_GCTGAG
TATTTTTTTTTTTTTTTTTTTTTTTTGTGTG
+
??E7EEECEEDEEEECEEEEEEEED20101*
@cluster_165:UMI_AGTCGC
TTGGCTCTTTTTCGTTTATTGCATGCCCCCC
+
CC:?<D;D?;<2-<@A<>B>2::B082,9*/
@cluster_169:UMI_TGAGCC
AAAAATGCCTGGAAATCACTTGCTAGTTACA
+
ADCB<B:>>CB>@DA?A9?DB:?A=AEC=>3
@cluster_172:UMI_GTTTCC
GCTTTGCAACCATACTCCCCCCGGAACCCA
+
@?DEC::A@@A@C=?D?<<<<==>@@@<A=
@cluster_182:UMI_TATCAG
AATGTTCTTTCCTCTGTTGGCTTTGGCCATT
+
@@41EB05E1>.6140DC5@68EC70=65E3
@cluster_189:UMI_GCCTTG
TTGGTATATAAACTATTTATTAACAGACAAG
+
ECB@C?C?C@D??@?EEC9EC@@>?==>A=B
@cluster_190:UMI_GGCGGA
CAAATCAATAGGTCTTTTATTGCATCATTTA
+
?AA??AAAC=?@B?DEDB>EC::@?A@EEC=
@cluster_197:UMI_AGGATG
GCATATGAAAATTTATTACTACAGTGTTTT
+
@:@C?BB@DDAEEC?@C=?A=??AA@DEE=
@cluster_215:UMI_TCAAAC
CCCCCCCAAATCGGAAAAACACACCCCTAA
+
?<<<<<AADA?==>@DDD@?=?=@<<>A<=
@cluster_217:UMI_CTCGGC
TAAACTTTTATTGAAAAAAAAACCGAGGAG
+
A@D@?DEEC?ECB@DDDDDDD?@=@=A>=B
@cluster_219:UMI_ACGTGG
TGTAATTAGTAGACATGGTCTTCTACCCATA
+
A@C@AEC=AC===?@BB@B?DB?A=@<A@C=
@cluster_228:UMI_GCCTTC
CAGGTGTTTTTTCTCCCAGATCGGAAGAGCA
+
@?A@A@EEEEEB?D?<A?=<?==>@?==B58
@cluster_232:UMI_TGTTCC
TCCCCCCCCCAAATCGGAAAAACACACCCCC
+
D?<<<<<<<AADA?==>@DDD@?=?=@:<5+
@cluster_238:UMI_AGGTTG
GCTTCCTACTTTTCAGGTTTAAATTTATCTT
+
@?DB?>@=?DEEB@?A@CEC@DAEEC???DB
@cluster_241:UMI_CTCTCA
CAACTTTCCCTTACCCCAGATCGGAAGAGCA
+
?A@?DEB?<>DC=@<<A?=<?==>@?==B:<
@cluster_252:UMI_CAAAAG
TACCTTTGAGACAGAGTCTCGCTCTGTCACC
+
B=@>DECB==:=;==AB?D=B?D?C@BA=@;
@cluster_253:UMI_GCGCTC
TCGTCACTACCTCCCCGGGTCGGGAGTGGGG
+
D=@BA=?A<@>D?<<===@B===>=?>B1:2
@cluster_254:UMI_TGTGCC
TAATGTGCTACTTTTAATTTATTAAAATCCC
+
A@AB@A:?A=?DEEC@AEEC?E;@DDA??<<
@cluster_258:UMI_TGCGGC
TTTGTTTTTTTTTTTTTCCCAGATCGGAAG
+
BEC;EEEEEEEEDEEC48-543197=>?.2
@cluster_265:UMI_AATTTG
TACCCCACCCAAATCGGAATAACACACCCAC
+
@5?0<;7;845773245>:1<38,1-6*8,/
@cluster_272:UMI_ACTCGA
AACTTGACACCTTTAAAATAGCATTAAACAG
+
D72D>?<==1=4EC3DD24/4.@8C1D0/48
@cluster_273:UMI_TCGAAA
GGTTTTCCTTTTTATTTAATCAAAGACTGGT
+
A@EEEB?>DEEEC?EEC@A?AAD?=+?CB@8
@cluster_281:UMI_CCGATA
TAGTCTTAGCATTTACTTTCCCCCCAGATCG
+
B=A>?DC=B:@EE@=>DEB?<;<<@?=<=8B
@cluster_286:UMI_CGGTGC
AACAATGATCAATTTTAAGAAATGGGTACAT
+
A@>AABB<?A@AEEEB@9=@DABB=@C=>@/
@cluster_289:UMI_CTTCTA
CCCCCTCCCAAATCGGAAAAACACACCCCTA
+
@<3<>:?:AAB@?==>@DDC??66:?8;>@2
@cluster_290:UMI_TTCCCC
CTTTTGAGACAGGGTCTTGCTCTTGCTATG
+
?DEECB===?>A=@B?DC:?D?DC:?A?B:
@cluster_293:UMI_CGCACC
ATCACTTCTATCAAAGATTGCTCTATTATCT
+
@?A=?DB?A??;AD?=<DA5?D?A?EA>9:D
@cluster_295:UMI_TCGGGG
CTTGGTACATGATTTTATAGCAAGCACATTT
+
?DCB@C=?@BB<EEEC?C=B:A?B:=?@EEB
@cluster_298:UMI_TTGACA
TCAAATATTTATTGAATGGTGGAAAACCAT
+
AAADAC>EEC?ECB@ABB@=B>@DD@@=?:
@cluster_299:UMI_ATCGCC
GCCCCCCCCCAAATCGGAAAAACACACCCCC
+
?>;;;;<;;?@AA>==>@CCC=;<>7;095+
@cluster_301:UMI_GCGGGC
GCTTTGGGAAGCCCCGCGGGGGACCGGCAC
+
@>;E4B=-:.1<<;,4429==>,/6-?)24
@cluster_302:UMI_TCGGCC
TTGCTACTACCACCAAGATCCCCAGACCGGA
+
?>3=5,-25<74766=,34<;:20,/254.2
@cluster_309:UMI_TTTCAA
ATAGTTTAATGTATTTTAATAGCAAACTTAC
+
AC=ADEC@AB@C>EEEC@=C;B:@C9>DB=?
@cluster_310:UMI_TAAACC
TTATCATTTTAATCGATTTTAATGATTATT
+
DC??A@EEEC@A?=@<EEEC@ABB<EC?E5
@cluster_316:UMI_TGCTAC
TTGAGGGATGGAAGAATATATAATCTATCAA
+
CCB=8=><BB=4>31=A:C?C@A??@?>A>5
@cluster_321:UMI_AGAGGA
TGACGACCGCGCCATGCTGTAATATACAAC
+
?9:10+/2:240/.1)59/1/3599-/000
@cluster_339:UMI_GCCCAC
AATTTTGTAAAAAATGGTTTATCAATTCCAT
+
AAEDEC@A@DDDD7BB@EE9??A<6E<?@@?
@cluster_340:UMI_GGTTAC
TTTTTTTTTTTTTTTTTTTTTTTTTTTTTT
+
DEEEEEEEEEEEEEEEEEEEEEEEEEEEEB
@cluster_344:UMI_GAGGTG
CTTTTCCTCCGCTGCCCAGATCGGAAGAGCA
+
?DEEB?>D?=B?C:><A?=<?==>@?==B::
@cluster_349:UMI_CTATGA
CAGCTTTGCAACCATACTCCCCCCGGAACCC
+
??B?DEC::A@@A@C=?D?<<<<==>@@@;0
@cluster_351:UMI_TGTTAG
CTGACTAATATGCCCCAGATCGGAAAAGCAC
+
?CB=?A@AC?B:><<A?=<?==>@DA?B:=7
@cluster_362:UMI_TTATAA
CTTCTTTCCTGTTTTTTTTAAAATCCTTCTT
+
?DB?DEB?>C@>BDD>CEC@DDA??>DB?=6
@cluster_373:UMI_ACTGCA
AACTATTTAAAAACGTAAAAACTATTCTTA
+
A??A?EEC@DDD??@C@DDD??A9EB?6:5
@cluster_382:UMI_CGCGCG
CGGTCATAAGTTTAATGAAGTCCCCAGATCG
+
?=@;A@C@?A@EC@ABB@?;B?<<A?=<=<B
@cluster_387:UMI_TGTACG
TGCCTTTTGAAACCAAATATTTAATATTTTC
+
A:>>DEECB@D@@AADAC?EEC@AC?EEEB?
@cluster_388:UMI_GCGGGC
TCTTCCTCTTCTTTCTCCCCAGATCGGAAGA
+
C?DB?>D?DB?DEB?D?<<A?=<?==>@?==
@cluster_389:UMI_AATTCC
TTGCAACCATACTCCCCCCGGAACCCCCCAG
+
CC:7A?5=3B:?>?<<<;;0.0995;;;721
@cluster_391:UMI_TCTATA
GTTCATTTTGCCATGACTAAGCCACTATAAA
+
AEBA@EEEC6>A@BB=?A@?B>A=?A?C@D?
@cluster_399:UMI_CAAACA
TTTCTCCAGTTGTTCCCAGATCGGAAGAGC
+
DE@?C?A?AEC@E<?<@;7<?===@?<=@9
@cluster_404:UMI_CTTAAA
TTTCACACTGAAATATCCTTTTATTGCAACT
+
EEBA=?=?CB@DAC???>DEEC?EC:9A@?9
@cluster_406:UMI_AACGGC
AGATGGAGTCTCGCTCTGTCGCCCAGGCTGG
+
?=<BB>=AB?D=B?D?C@B=B><A?A@4CB@
@cluster_408:UMI_AAACAC
TTTTACACTGGCCACAGAGCGTTTATTGAC
+
DEE<=>=?CB@>A=??==B?@EE<?E:A=7
@cluster_410:UMI_GTGTTA
TGGTGTGTGGGATGGAGTCTTGCTCTGTTGC
+
BB@A@A@AB=><BB>;AB?DC:?D?C@EC:>
@cluster_434:UMI_CGTCAC
GACAGTCTCACTTGGTCACCCCCCAGATCGG
+
@=??AB?DA=?DCB@BA=@<<<<A>.47=</
@cluster_435:UMI_TCGTCA
GGCTTTGCAACCATACTCCCCCCGGAACCCA
+
A@?AEC::@>=A@C=?D9:;;<==>7?<;@9
@cluster_438:UMI_CCGTAA
AAAGTTCAGCTTTTTATTGAACATGTTATAA
+
DD?AEBA?B?DEEEC?ECB@@?@B@EC?C@@
@cluster_441:UMI_GCATAG
GCTCTAGAGGGGGTAGAGGGGGTGCTATAGG
+
@?D?A===A===@C===A===@A:?A?C=A@
@cluster_444:UMI_ATAGAA
TGGTACCCCCCCAAATCGGAAAAACACACCC
+
BB@?=@<<<<;AAAA?==>@DDD??=?=@<;
@cluster_454:UMI_GAATGG
TTTCATAATTCTCCTTTATTAGGCACAGGT
+
EEBA>C6?E??D?>DEB:C<<A<:<>?A=1
@cluster_456:UMI_ACTGTG
CTAGCTTTCTATTTGTAAACTTTGTGTCGG
+
?A=B?BEB?@?EEC@C@D@?DEC@A2A==@
@cluster_467:UMI_AATCTG
GTTGGTTAAATCTTTACTCACAGTAATTTAC
+
@ECB@EC?CA??DEC=?DA=??AC@AEEC=@
@cluster_470:UMI_GCTTTC
TGAGACGAAGTCTCACTCTGTCGCCCAGGC
+
CB===?@@?AB?DA=?D?C@B=B><A?A@4
@cluster_472:UMI_GAGGCA
CCCTTGGACCATAAATTTTTATTGGCAGGTC
+
@<>DCB>=@A@C@DAEEEEC?ECB@:?A@9=
@cluster_478:UMI_TGAGTA
CTTTGTACAAAATTTTATTAAAGGTCTTTAG
+
?DEC@C=?ADDAEEEC?EC@D>A@B?DEC=B
@cluster_485:UMI_CATTCC
CAGCTTTGCAACCATACTCCCCCCCCAGATC
+
A?B?DEC::A@@A@C=?D?<<<<<<A?=<??
@cluster_490:UMI_TAGGCC
AGAATCTTAAACTAAATCCTTTATTTCAAAA
+
?=@A??DC@C??A@DA??2DEC?EEB9ADD=
@cluster_493:UMI_TTATTG
GCCAACTGAATGTAATCTAGTTTATTCAAC
+
@>AA@?CB@AB@C@A??A=AEEC?EBAA@@
@cluster_496:UMI_GTATCA
ACGAATGAGGCAATTTATTAACCCAGCATGG
+
@?@@ABB=A@:AAEEC?EC@@@<A?B:@BB@
@cluster_503:UMI_CGGTGA
CAGACTGAGTTTCACTCTTTGTTGCCCAGGC
+
??==?CB=AEEBA=?D?DEC@EC:><>?A@8
@cluster_513:UMI_TCGCTC
CACTGTTAAAAACATTTATTCTGATACATTC
+
A=?C@EB@DDD@?@EEC?EB?CB<C=?@EB4
@cluster_519:UMI_CTTAAA
GGTTGAGCACAGGGTACTTTATTGATGGTAC
+
A@ECB=B:=??A=@C=?DEC?ECB<BB@B=>
@cluster_523:UMI_TGCCTG
TGCAGATTTCCTTCATCAAATTAAAACAGT
+
B::?=.DDB9<DBA@?A@DAEC@DD@>?A?
@cluster_524:UMI_AGGGAC
TTTTTTTTTTTTTTTTTTTTTTTTCTCCAGC
+
CEEEEEEEEEEEEEEEEEEEEEE415=97;-
@cluster_525:UMI_AGGGGC
GTTCGTTCAAGTGCACTTTCCAGTACACTTA
+
@EB=@EBAA?AA::=?DEB?A?AC=?=?DC<
@cluster_530:UMI_GACACA
GTGCATATGCATAAGTGGAGCCCAGAGGGC
+
@A::@C?B::@C@?A?B>=B>;A?==:1:>
@cluster_533:UMI_GGGGTC
GTACCCCCCCCCAGATCGGAAAAACACACC
+
@C=@<<<<;;;A?:<>=<9;C@A?:=:=@1
@cluster_535:UMI_CCGCTA
TCAGCACCCATTGTAAATTATTTGTGGATG
+
DA?B8=?<A7DC@B9D0EC?EEC@A>.<A+
@cluster_536:UMI_GTTACA
CCCCCCCCCACATCCGAAAACACACCCCCGC
+
@<;;<<;3A=./46-77@A?/231517900-
@cluster_542:UMI_CCGACA
TTTTTTTTTTTTTTTTTTTTTTTTTTTTTTT
+
EEEEEEEEEEEEEEEEEEEEEEEEEEEEEEB
@cluster_564:UMI_TTCGCA
TTTTTTTTTTTTTTTTTTTTTTTTTTTTTTT
+
EEEEEEEEEEEEEEEEEEEEEEEEEEEEEEB
@cluster_569:UMI_GGCTCC
GCAGAACACTTCTTTATTATAGCAACATATA
+
B:?=@@?=?DB?DEC?EC?C=B:A@?@C?B=
@cluster_572:UMI_AAGACC
GCAACCATACTCCCCCAGATCGGAAAAGCAC
+
B:A@@A@C=?D?<<<A?=<?==>@D6?B:=@
@cluster_578:UMI_GGGCTA
GGTACAGACAGGATCTCACTATGTTGCCCAG
+
A@C=??==??A><??DA=?A?B@EC:><A?B
@cluster_586:UMI_AATTCA
CTGCTCAGCTCTTTATTGATTGGTGTGCCCA
+
??:?>A?@2><<59=E?@<B?5?9@7:8:?6
@cluster_588:UMI_ACATGG
GTTAGAGTCTCAGTCACCCAGGCTGGAATA
+
AE?===A@=D@4AA@=?855A@>;B<@;=5
@cluster_592:UMI_GCCGTC
TGTGTCTCTCTGTCCCCAGATCGGAAGAGCA
+
C?@7B?@?C1@;<;598?883846@?0792@
@cluster_597:UMI_TTTTGG
CGTAGGGGTTTTAGGTAAATGTCCTTTGAA
+
?@C8A==@7AEC,:/C<DA=@B=>6EB1:>
@cluster_602:UMI_CTCTCA
GGTTTCCGCCCCCCAGATCGGAAGAGCACAC
+
A@DEB<;:>695:@?=<?=//:6+790<<=:
@cluster_604:UMI_TTAAGG
CTACTACCACCAAGATCTGCACCTGCGGCG
+
?@=?@=@A=:A<?=;??C99=>>C:>;@;8
@cluster_607:UMI_TCCGAC
GATTAATGAAAACATTCTTGGCAAATGCTTT
+
@<EC@ABB?CB?>@DB?DCB;:ADAB::>?6
@cluster_613:UMI_CCCGTC
TGTTATATTTCACATCATTTTTTCCAGACAT
+
C3BC/C?EB22-<76><BDEE5B?A:4;:?4
@cluster_619:UMI_TGTGAC
CAGATCGGAAGAGCACACGTCTGAACTCCA
+
A?=<?==>@?=<B:;:=?@B?CB@@?C?85
@cluster_621:UMI_TTCGTC
GTTTTTTACCCCCTCCCCAGATCGGAAGAGC
+
@EEEEEC=@:<<>C><<A7<:?=7>@?7=@8
@cluster_626:UMI_CGCGCA
CTTTTTTTTTTTAAAAACCCCCAGATCGGAA
+
?DEEEEEEEEEC@DDD?@<<<A==<?4=>@<
@cluster_634:UMI_AGATCA
GTTTTTTTTTTTTCTCTCCTAACACCCCAGA
+
?EEEEEEEEEEEB?D?D?>@@@?=@<<A;69
@cluster_638:UMI_CCTTAG
TACTTTAAAATGCTTTATTGGAATTATTTTG
+
?=>DE>@DC5A:?DEC?E;B>@3EC>EEE:0
@cluster_648:UMI_CCTATG
TTTTTTCCCCCCAAGATCGGAAAAACACACC
+
EEEEEB?<<<<A1?=<?9=:@DDD32121@9
@cluster_649:UMI_GACGGA
TTTTTTTTTTTTTTTTTCACACCCCACACAG
+
EEEEEEEEEEEEEEEB11,.,/<<6./-//3
@cluster_663:UMI_CAAAGG
TAAGACCCTCATCAATAGATGGAGATATACA
+
B@?==@<>DA@?AA@C==<BB>==<C?C=?5
@cluster_664:UMI_CGCCGG
TCCCCCCCCCAAATCGGAAAAACACACCCCC
+
B?<<<<<<<=ADA?==>@DDD??=>=@:<5*
@cluster_672:UMI_GGACGA
ATTTTGTCTTTTGTTTTCATTTTTTCTTGCT
+
AEEDB@A?DEEC@BEEBA;EEEEEB?DC:?D
@cluster_674:UMI_CGTTTC
AGACAAGTTCTCGCTCTGTCACCCAGGCTGG
+
?==?A?AEB?D=B?D?C@BA=@<A?A@?CB@
@cluster_675:UMI_GTATTG
AGTTGTCAAATGATCCTTTATTGAAATGTT
+
?AEC@BAADABB<??>DEC?ECB@DAB@DB
@cluster_676:UMI_AGGTAG
TGGCATTTTTAATTTAGGTTTGTTTTATTTA
+
AB@:@EEEEC@AEEC=A@EEC@EEEC?EEC=
@cluster_677:UMI_CCTGGA
GCACCCCCTCCCAGATCGGAAAAACACACCC
+
B:=@<<<>D?<A?,<?==>@DDD>?=?=@:>
@cluster_680:UMI_CCGCTA
TCTGATCTGACATTATTTCTATATTTTTAGA
+
??CB<??CB=?@EC?EEB?A?C?EEEEC===
@cluster_681:UMI_GGACCC
AGCTTTGCAACCATACTCCCCCCCCAGATCG
+
?B?DEC::A@@A@C=?D?<<<<<<A?=<?=B
@cluster_682:UMI_GTGCAC
TTTTTTTTTTTTTTTTTACCCCCCCCACAC
+
EEEEEEEEEEEEEEEEB=@<<<<<;=4/40
@cluster_684:UMI_GTTCAC
TGCAACCATACTCCCCCCCCCAGATCGGAAT
+
C::A@=A@C=?D?<3<<<<<A?=;?4.>@A/
@cluster_689:UMI_CCTTCA
AAAGAAGTAAGCCTTTATTTCCTTGTTTTGC
+
DD?=@?AC@?B>>DEC?EEB?>DC@EEEC:;
@cluster_690:UMI_ATTTAG
TTTTTTTTTTTTTTTTTTTTTTTTTTTCTG
+
EEEEEEEEEEEEEEEEEEEEEEEEEEB?:)
@cluster_692:UMI_GCGTCC
GAGGTGAAGTTTCACTTTGTCCCCAGATCGA
+
@=@@:?<3@D=A@27DDC7>?<;A?14;2<,
@cluster_693:UMI_CGGCCA
CTTTTGAGGCTTTTTCGTTGCCAGCAAGGGC
+
?DEECB=A@?DEEEB=@EC:>A?B:A?A=@<
@cluster_699:UMI_TGTTTC
TTTCTTTCTTTCTTTTGTTTCTTTCTTGCT
+
DEB?DEB?DEB?DEEC@EEB?DEB?DC:?D
@cluster_700:UMI_ATCGAA
GCAGTTTTTACATTTATTTAAACAGAAAACG
+
B:?AEEEEC=>@EEB?EEC@4>>?=@DD??B
@cluster_706:UMI_CCACGG
GCCCTTCTGCTCCCCCAGATCGGAAGAGCAC
+
@><>DB?C:?D?<<<A?=<?==>@?1=B:=@
@cluster_711:UMI_CTCCGA
TTAATGAAAACATTCTTGGCAAATGCTTTC
+
EC@ABB6DD@??=B?DCB@:@DAB5?<EB=
@cluster_714:UMI_ACGCGA
TTTTTCCCCCCCCCAGATCGAAAAAGCACAC
+
EEEEA?<<<<<<;8?=<?=@8DD4?:8<><@
@cluster_715:UMI_CTGTCG
TTTTGGGGCCCCCCCCAGATCGGAAAAGCAC
+
EEEA1<<@>;<<<<<A6=;=:67>C@=B869
@cluster_717:UMI_CAGCCC
TCAGCTTTGCAACCATACTCCCCCCGGAACC
+
DA?B?DEC:8A?@A@C=?D?<<<<;=>@@@;
@cluster_719:UMI_GAGAAA
GGGAGTAGTGTCTTTATTCATTAAAGCCTGA
+
A=>=AC=AA@B?DEC?EBA@EC@D?B>>CB=
@cluster_722:UMI_TCCATA
GTTTTTTTTTTTTTTTTCAGTAAGCACAGGT
+
AEEEEEEEEEEEEEEEBA?@:@?B:=??A@4
@cluster_727:UMI_TTTACC
TTCTGAGCCTAAATGCCCTCAAAGCCCGTCC
+
DB?CB=B-=?@DA@7>;>B8AD8?>;7:<?*
@cluster_730:UMI_ACCTTG
TCCCCCCCCCCAAATCGGAAAAACACACCCC
+
B?<<<<<;<76AB@?=<5@DCD??=>2@;;6
@cluster_731:UMI_GTCACA
TTGCTTCACTGACTTAACTCAAATTTCTTAA
+
EC:?DBA;?CB=?=B@@?DAADAEEB?AC@?
@cluster_756:UMI_TCGATA
CTTTGTTTCAAGTTTTAATCAAAGCTTGTAT
+
?DEC@EEBAA?AEEEC@A?AAD?B?DC@C??
@cluster_757:UMI_TTGCAA
TCTTTGCACACTTATATTTTTTTTTGTGTTT
+
?4?<<6:+?:16@3707EEE<E;EC1303DB
@cluster_766:UMI_TATTGG
CTTCCCAGTAACTGAGAGAAAATTACCATTC
+
?DB?<A?AC@@?CB====@DDAEC=@A@EB;
@cluster_772:UMI_AGGAAA
AAGACCACAAAGATTTAATTTAAAATCACAG
+
D?==@A=?AD?=<EEC@AEEC@DDA?A=??B
@cluster_775:UMI_CCTGCA
GTGCAAAAACTGAATGTAGTCAATGGTCTTT
+
AA::ADDD?>CB>AB?C:ABAAABB@><@EA
@cluster_778:UMI_TTGGGC
ATTTAACATGAGGAAACCCCAGATCGGAAGA
+
@EEA@?>@BB;A>@D<@;:64=8?==>@?<6
@cluster_787:UMI_GCAGTC
TGATAGCATTGCGAGACGCTGGAGCCGGAGC
+
CB<C=B:;EC:?@===?B?CB><@>==>6A9
@cluster_792:UMI_CGGCAC
TGTCACCATCCTTCTTTTCTTCTTCCTCATC
+
@6>6,430:45?=;CDD:7A:7DA<9<7:70
@cluster_796:UMI_ATTTGA
TAGTCAGCTATTTAATTAGGTTCTTAAGACA
+
@=ABA?B?A?EEC@AEC=A@EB?DC@?==?8
@cluster_809:UMI_CTTTTA
CACAAGGAATATCATTTTATTACTGTAATCA
+
?=?A?A>@AC??A@EEEC?EC=?C@C@A?A=
@cluster_810:UMI_TCTCGC
AAGAGCACACGTCTGAACTCCAGTCACCGT
+
?<9;@23538<88>@348<396;;365/=4
@cluster_814:UMI_GGGCTG
TTCTAGGTCCAATGGTAGTTTTTATTCCCCA
+
DB?A=A@B?AAABB@@=A>DDEC?EB?;;@;
@cluster_816:UMI_ATGTAG
TGAGACAACATCTCACTCTGTTACCCCCCAA
+
AA===>A?:@>?C@=?C?C@BC3/;<;<A1.
@cluster_819:UMI_AGTATA
GCTGTAGGAACAGCAGTCTTGGTGGTTAGCA
+
B?C@C=A>@?>?B:?AB?DCB@AB@EC=B,<
@cluster_823:UMI_TTTTTA
CCATTATAATAGCCATCTTTATTTGTAAAAA
+
?A@EC?C@AC=B>A@??DEC?EEC@C@DDD:
@cluster_824:UMI_GAGTCC
AGCTTTGCAACCATACTCCCCCCGGAACCCA
+
?B?DEC::A@@A@C=?D?<<<<==>@@@<@=
@cluster_828:UMI_CTCGTA
GCCCCCCCCCAAATCGGAAAAACACACCCCC
+
B><<<<<<<AADA?==>@DDD?>=>=@;<<3
@cluster_834:UMI_TTAAGG
GGGTGGGGGATCACATTTATTGTATTGAGG
+
A=@AB===>4?A=??EEB?EB@C?ECB=A?
